[INFO] Error stacktraces are turned on.
[WARNING] Unable to find the root directory. Create a .mvn directory in the root directory or add the root="true" attribute on the root project's model to identify it.
[INFO] Scanning for projects...
[INFO] Loaded 22050 auto-discovered prefixes for remote repository central (prefixes-central.txt)
[WARNING] 
[WARNING] 1 problem was encountered while building the effective model for 'com.echotruth:echotruth-backend:jar:1.0.0' (use -e to see details)
[WARNING] Ignored POM import for: io.micrometer:docs:jar:1.2.1@compile as already imported io.micrometer:docs:jar:1.12.1@compile. Add the conflicting managed dependency directly to the dependencyManagement section of the POM.
[WARNING] 
[WARNING] Total model problems reported: 1
[WARNING] 
[WARNING] It is highly recommended to fix these problems because they threaten the stability of your build.
[WARNING] 
[WARNING] For this reason, future Maven versions might no longer support building such malformed projects.
[WARNING] 
[INFO] 
[INFO] --------< com.echotruth:echotruth-backend >---------
[INFO] Building EchoTruth Backend 1.0.0
[INFO]   from pom.xml
[INFO] ----------------------[ jar ]-----------------------
[INFO] Loaded 74 auto-discovered prefixes for remote repository apache.snapshots (prefixes-apache.snapshots-c1d4c55f9308e5ac18a4069bed41dca64d85c515.txt)
[WARNING] 1 problem was encountered while building the effective model for 'org.springframework.data:spring-data-redis:jar:3.2.1' during dependency collection step for project (use -X to see details)
[WARNING] 1 problem was encountered while building the effective model for 'org.springframework.data:spring-data-jpa:jar:3.2.1' during dependency collection step for project (use -X to see details)
[WARNING] Could not transfer metadata /.meta/prefixes.txt from/to spring-release-e22ad65be0b5fee6143d584bba6f2b61b37bb6bf (https://repo.spring.io/release): HTTP Status: 401
[WARNING] 1 problem was encountered while building the effective model for 'org.springdoc:springdoc-openapi-starter-webmvc-ui:jar:2.3.0' during dependency collection step for project (use -X to see details)
[WARNING] 1 problem was encountered while building the effective model for 'org.springdoc:springdoc-openapi-starter-webmvc-api:jar:2.3.0' during dependency collection step for project (use -X to see details)
[WARNING] 1 problem was encountered while building the effective model for 'org.springframework.data:spring-data-commons:jar:3.2.1' during dependency collection step for project (use -X to see details)
[WARNING] 1 problem was encountered while building the effective model for 'org.springframework.data:spring-data-keyvalue:jar:3.2.1' during dependency collection step for project (use -X to see details)
[WARNING] 1 problem was encountered while building the effective model for 'org.springdoc:springdoc-openapi-starter-common:jar:2.3.0' during dependency collection step for project (use -X to see details)
[INFO] 
[INFO] --- clean:3.3.2:clean (default-clean) @ echotruth-backend ---
[INFO] Deleting C:\Users\antis\Documents\tribhuj\tribhuj\backend\target
[INFO] 
[INFO] --- resources:3.3.1:resources (default-resources) @ echotruth-backend ---
[INFO] Copying 1 resource from src\main\resources to target\classes
[INFO] Copying 0 resource from src\main\resources to target\classes
[INFO] 
[INFO] --- compiler:3.11.0:compile (default-compile) @ echotruth-backend ---
[INFO] Changes detected - recompiling the module! :source
[INFO] Compiling 24 source files with javac [debug release 21] to target\classes
[INFO] ----------------------------------------------------
[INFO] BUILD FAILURE
[INFO] ----------------------------------------------------
[INFO] Total time:  9.994 s
[INFO] Finished at: 2026-02-04T08:54:26+05:30
[INFO] ----------------------------------------------------
[ERROR] Failed to execute goal org.apache.maven.plugins:maven-compiler-plugin:3.11.0:compile (default-compile) on project echotruth-backend: Fatal error compiling: java.lang.ExceptionInInitializerError: com.sun.tools.javac.code.TypeTag :: UNKNOWN -> [Help 1]
org.apache.maven.lifecycle.LifecycleExecutionException: Failed to execute goal org.apache.maven.plugins:maven-compiler-plugin:3.11.0:compile (default-compile) on project echotruth-backend: Fatal error compiling
    at org.apache.maven.lifecycle.internal.MojoExecutor.doExecute2(MojoExecutor.java:346)
    at org.apache.maven.lifecycle.internal.MojoExecutor.doExecute(MojoExecutor.java:310)
    at org.apache.maven.lifecycle.internal.MojoExecutor.execute(MojoExecutor.java:214)
    at org.apache.maven.lifecycle.internal.MojoExecutor.execute(MojoExecutor.java:179)
    at org.apache.maven.lifecycle.internal.MojoExecutor$1.run(MojoExecutor.java:168)
    at org.apache.maven.plugin.DefaultMojosExecutionStrategy.execute(DefaultMojosExecutionStrategy.java:39)
    at org.apache.maven.lifecycle.internal.MojoExecutor.execute(MojoExecutor.java:165)
    at org.apache.maven.lifecycle.internal.LifecycleModuleBuilder.buildProject(LifecycleModuleBuilder.java:110)
    at org.apache.maven.lifecycle.internal.LifecycleModuleBuilder.buildProject(LifecycleModuleBuilder.java:76)
    at org.apache.maven.lifecycle.internal.builder.singlethreaded.SingleThreadedBuilder.build(SingleThreadedBuilder.java:61)
    at org.apache.maven.lifecycle.internal.DefaultLifecycleStarter.execute(DefaultLifecycleStarter.java:123)
    at org.apache.maven.DefaultMaven.doExecute(DefaultMaven.java:310)
    at org.apache.maven.DefaultMaven.doExecute(DefaultMaven.java:225)
    at org.apache.maven.DefaultMaven.execute(DefaultMaven.java:149)
    at org.apache.maven.cling.invoker.mvn.MavenInvoker.doExecute(MavenInvoker.java:452)
    at org.apache.maven.cling.invoker.mvn.MavenInvoker.execute(MavenInvoker.java:97)
    at org.apache.maven.cling.invoker.mvn.MavenInvoker.execute(MavenInvoker.java:81)
    at org.apache.maven.cling.invoker.LookupInvoker.doInvoke(LookupInvoker.java:165)
    at org.apache.maven.cling.invoker.LookupInvoker.invoke(LookupInvoker.java:134)
    at org.apache.maven.cling.ClingSupport.run(ClingSupport.java:76)
    at org.apache.maven.cling.MavenCling.main(MavenCling.java:51)
    at jdk.internal.reflect.DirectMethodHandleAccessor.invoke(DirectMethodHandleAccessor.java:104)
    at java.lang.reflect.Method.invoke(Method.java:565)
    at org.codehaus.plexus.classworlds.launcher.Launcher.launchEnhanced(Launcher.java:255)
    at org.codehaus.plexus.classworlds.launcher.Launcher.launch(Launcher.java:201)
    at org.codehaus.plexus.classworlds.launcher.Launcher.mainWithExitCode(Launcher.java:361)
    at org.codehaus.plexus.classworlds.launcher.Launcher.main(Launcher.java:314)
Caused by: org.apache.maven.plugin.MojoExecutionException: Fatal error compiling
    at org.apache.maven.plugin.compiler.AbstractCompilerMojo.execute(AbstractCompilerMojo.java:1143)
    at org.apache.maven.plugin.compiler.CompilerMojo.execute(CompilerMojo.java:193)
    at org.apache.maven.plugin.DefaultBuildPluginManager.executeMojo(DefaultBuildPluginManager.java:153)
    at org.apache.maven.lifecycle.internal.MojoExecutor.doExecute2(MojoExecutor.java:339)
    at org.apache.maven.lifecycle.internal.MojoExecutor.doExecute(MojoExecutor.java:310)
    at org.apache.maven.lifecycle.internal.MojoExecutor.execute(MojoExecutor.java:214)
    at org.apache.maven.lifecycle.internal.MojoExecutor.execute(MojoExecutor.java:179)
    at org.apache.maven.lifecycle.internal.MojoExecutor$1.run(MojoExecutor.java:168)
    at org.apache.maven.plugin.DefaultMojosExecutionStrategy.execute(DefaultMojosExecutionStrategy.java:39)
    at org.apache.maven.lifecycle.internal.MojoExecutor.execute(MojoExecutor.java:165)
    at org.apache.maven.lifecycle.internal.LifecycleModuleBuilder.buildProject(LifecycleModuleBuilder.java:110)
    at org.apache.maven.lifecycle.internal.LifecycleModuleBuilder.buildProject(LifecycleModuleBuilder.java:76)
    at org.apache.maven.lifecycle.internal.builder.singlethreaded.SingleThreadedBuilder.build(SingleThreadedBuilder.java:61)
    at org.apache.maven.lifecycle.internal.DefaultLifecycleStarter.execute(DefaultLifecycleStarter.java:123)
    at org.apache.maven.DefaultMaven.doExecute(DefaultMaven.java:310)
    at org.apache.maven.DefaultMaven.doExecute(DefaultMaven.java:225)
    at org.apache.maven.DefaultMaven.execute(DefaultMaven.java:149)
    at org.apache.maven.cling.invoker.mvn.MavenInvoker.doExecute(MavenInvoker.java:452)
    at org.apache.maven.cling.invoker.mvn.MavenInvoker.execute(MavenInvoker.java:97)
    at org.apache.maven.cling.invoker.mvn.MavenInvoker.execute(MavenInvoker.java:81)
    at org.apache.maven.cling.invoker.LookupInvoker.doInvoke(LookupInvoker.java:165)
    at org.apache.maven.cling.invoker.LookupInvoker.invoke(LookupInvoker.java:134)
    at org.apache.maven.cling.ClingSupport.run(ClingSupport.java:76)
    at org.apache.maven.cling.MavenCling.main(MavenCling.java:51)
    at jdk.internal.reflect.DirectMethodHandleAccessor.invoke(DirectMethodHandleAccessor.java:104)
    at java.lang.reflect.Method.invoke(Method.java:565)
    at org.codehaus.plexus.classworlds.launcher.Launcher.launchEnhanced(Launcher.java:255)
    at org.codehaus.plexus.classworlds.launcher.Launcher.launch(Launcher.java:201)
    at org.codehaus.plexus.classworlds.launcher.Launcher.mainWithExitCode(Launcher.java:361)
    at org.codehaus.plexus.classworlds.launcher.Launcher.main(Launcher.java:314)
Caused by: org.codehaus.plexus.compiler.CompilerException: java.lang.ExceptionInInitializerError
    at org.codehaus.plexus.compiler.javac.JavaxToolsCompiler.compileInProcess(JavaxToolsCompiler.java:198)
    at org.codehaus.plexus.compiler.javac.JavacCompiler.performCompile(JavacCompiler.java:183)
    at org.apache.maven.plugin.compiler.AbstractCompilerMojo.execute(AbstractCompilerMojo.java:1140)
    at org.apache.maven.plugin.compiler.CompilerMojo.execute(CompilerMojo.java:193)
    at org.apache.maven.plugin.DefaultBuildPluginManager.executeMojo(DefaultBuildPluginManager.java:153)
    at org.apache.maven.lifecycle.internal.MojoExecutor.doExecute2(MojoExecutor.java:339)
    at org.apache.maven.lifecycle.internal.MojoExecutor.doExecute(MojoExecutor.java:310)
    at org.apache.maven.lifecycle.internal.MojoExecutor.execute(MojoExecutor.java:214)
    at org.apache.maven.lifecycle.internal.MojoExecutor.execute(MojoExecutor.java:179)
    at org.apache.maven.lifecycle.internal.MojoExecutor$1.run(MojoExecutor.java:168)
    at org.apache.maven.plugin.DefaultMojosExecutionStrategy.execute(DefaultMojosExecutionStrategy.java:39)
    at org.apache.maven.lifecycle.internal.MojoExecutor.execute(MojoExecutor.java:165)
    at org.apache.maven.lifecycle.internal.LifecycleModuleBuilder.buildProject(LifecycleModuleBuilder.java:110)
    at org.apache.maven.lifecycle.internal.LifecycleModuleBuilder.buildProject(LifecycleModuleBuilder.java:76)
    at org.apache.maven.lifecycle.internal.builder.singlethreaded.SingleThreadedBuilder.build(SingleThreadedBuilder.java:61)
    at org.apache.maven.lifecycle.internal.DefaultLifecycleStarter.execute(DefaultLifecycleStarter.java:123)
    at org.apache.maven.DefaultMaven.doExecute(DefaultMaven.java:310)
    at org.apache.maven.DefaultMaven.doExecute(DefaultMaven.java:225)
    at org.apache.maven.DefaultMaven.execute(DefaultMaven.java:149)
    at org.apache.maven.cling.invoker.mvn.MavenInvoker.doExecute(MavenInvoker.java:452)
    at org.apache.maven.cling.invoker.mvn.MavenInvoker.execute(MavenInvoker.java:97)
    at org.apache.maven.cling.invoker.mvn.MavenInvoker.execute(MavenInvoker.java:81)
    at org.apache.maven.cling.invoker.LookupInvoker.doInvoke(LookupInvoker.java:165)
    at org.apache.maven.cling.invoker.LookupInvoker.invoke(LookupInvoker.java:134)
    at org.apache.maven.cling.ClingSupport.run(ClingSupport.java:76)
    at org.apache.maven.cling.MavenCling.main(MavenCling.java:51)
    at jdk.internal.reflect.DirectMethodHandleAccessor.invoke(DirectMethodHandleAccessor.java:104)
    at java.lang.reflect.Method.invoke(Method.java:565)
    at org.codehaus.plexus.classworlds.launcher.Launcher.launchEnhanced(Launcher.java:255)
    at org.codehaus.plexus.classworlds.launcher.Launcher.launch(Launcher.java:201)
    at org.codehaus.plexus.classworlds.launcher.Launcher.mainWithExitCode(Launcher.java:361)
    at org.codehaus.plexus.classworlds.launcher.Launcher.main(Launcher.java:314)
Caused by: java.lang.RuntimeException: java.lang.ExceptionInInitializerError
    at com.sun.tools.javac.api.JavacTaskImpl.invocationHelper(JavacTaskImpl.java:168)
    at com.sun.tools.javac.api.JavacTaskImpl.doCall(JavacTaskImpl.java:100)
    at com.sun.tools.javac.api.JavacTaskImpl.call(JavacTaskImpl.java:94)
    at org.codehaus.plexus.compiler.javac.JavaxToolsCompiler.compileInProcess(JavaxToolsCompiler.java:136)
    at org.codehaus.plexus.compiler.javac.JavacCompiler.performCompile(JavacCompiler.java:183)
    at org.apache.maven.plugin.compiler.AbstractCompilerMojo.execute(AbstractCompilerMojo.java:1140)
    at org.apache.maven.plugin.compiler.CompilerMojo.execute(CompilerMojo.java:193)
    at org.apache.maven.plugin.DefaultBuildPluginManager.executeMojo(DefaultBuildPluginManager.java:153)
    at org.apache.maven.lifecycle.internal.MojoExecutor.doExecute2(MojoExecutor.java:339)
    at org.apache.maven.lifecycle.internal.MojoExecutor.doExecute(MojoExecutor.java:310)
    at org.apache.maven.lifecycle.internal.MojoExecutor.execute(MojoExecutor.java:214)
    at org.apache.maven.lifecycle.internal.MojoExecutor.execute(MojoExecutor.java:179)
    at org.apache.maven.lifecycle.internal.MojoExecutor$1.run(MojoExecutor.java:168)
    at org.apache.maven.plugin.DefaultMojosExecutionStrategy.execute(DefaultMojosExecutionStrategy.java:39)
    at org.apache.maven.lifecycle.internal.MojoExecutor.execute(MojoExecutor.java:165)
    at org.apache.maven.lifecycle.internal.LifecycleModuleBuilder.buildProject(LifecycleModuleBuilder.java:110)
    at org.apache.maven.lifecycle.internal.LifecycleModuleBuilder.buildProject(LifecycleModuleBuilder.java:76)
    at org.apache.maven.lifecycle.internal.builder.singlethreaded.SingleThreadedBuilder.build(SingleThreadedBuilder.java:61)
    at org.apache.maven.lifecycle.internal.DefaultLifecycleStarter.execute(DefaultLifecycleStarter.java:123)
    at org.apache.maven.DefaultMaven.doExecute(DefaultMaven.java:310)
    at org.apache.maven.DefaultMaven.doExecute(DefaultMaven.java:225)
    at org.apache.maven.DefaultMaven.execute(DefaultMaven.java:149)
    at org.apache.maven.cling.invoker.mvn.MavenInvoker.doExecute(MavenInvoker.java:452)
    at org.apache.maven.cling.invoker.mvn.MavenInvoker.execute(MavenInvoker.java:97)
    at org.apache.maven.cling.invoker.mvn.MavenInvoker.execute(MavenInvoker.java:81)
    at org.apache.maven.cling.invoker.LookupInvoker.doInvoke(LookupInvoker.java:165)
    at org.apache.maven.cling.invoker.LookupInvoker.invoke(LookupInvoker.java:134)
    at org.apache.maven.cling.ClingSupport.run(ClingSupport.java:76)
    at org.apache.maven.cling.MavenCling.main(MavenCling.java:51)
    at jdk.internal.reflect.DirectMethodHandleAccessor.invoke(DirectMethodHandleAccessor.java:104)
    at java.lang.reflect.Method.invoke(Method.java:565)
    at org.codehaus.plexus.classworlds.launcher.Launcher.launchEnhanced(Launcher.java:255)
    at org.codehaus.plexus.classworlds.launcher.Launcher.launch(Launcher.java:201)
    at org.codehaus.plexus.classworlds.launcher.Launcher.mainWithExitCode(Launcher.java:361)
    at org.codehaus.plexus.classworlds.launcher.Launcher.main(Launcher.java:314)
Caused by: java.lang.ExceptionInInitializerError
    at lombok.javac.apt.LombokProcessor.placePostCompileAndDontMakeForceRoundDummiesHook(LombokProcessor.java:174)
    at lombok.javac.apt.LombokProcessor.init(LombokProcessor.java:96)
    at lombok.core.AnnotationProcessor$JavacDescriptor.want(AnnotationProcessor.java:160)
    at lombok.core.AnnotationProcessor.init(AnnotationProcessor.java:213)
    at lombok.launch.AnnotationProcessorHider$AnnotationProcessor.init(AnnotationProcessor.java:64)
    at com.sun.tools.javac.processing.JavacProcessingEnvironment$ProcessorState.<init>(JavacProcessingEnvironment.java:635)
    at com.sun.tools.javac.processing.JavacProcessingEnvironment$DiscoveredProcessors$ProcessorStateIterator.next(JavacProcessingEnvironment.java:761)
    at com.sun.tools.javac.processing.JavacProcessingEnvironment.discoverAndRunProcs(JavacProcessingEnvironment.java:857)
    at com.sun.tools.javac.processing.JavacProcessingEnvironment$Round.run(JavacProcessingEnvironment.java:1188)
    at com.sun.tools.javac.processing.JavacProcessingEnvironment.doProcessing(JavacProcessingEnvironment.java:1301)
    at com.sun.tools.javac.main.JavaCompiler.processAnnotations(JavaCompiler.java:1262)
    at com.sun.tools.javac.main.JavaCompiler.compile(JavaCompiler.java:938)
    at com.sun.tools.javac.api.JavacTaskImpl.lambda$doCall$0(JavacTaskImpl.java:104)
    at com.sun.tools.javac.api.JavacTaskImpl.invocationHelper(JavacTaskImpl.java:152)
    at com.sun.tools.javac.api.JavacTaskImpl.doCall(JavacTaskImpl.java:100)
    at com.sun.tools.javac.api.JavacTaskImpl.call(JavacTaskImpl.java:94)
    at org.codehaus.plexus.compiler.javac.JavaxToolsCompiler.compileInProcess(JavaxToolsCompiler.java:136)
    at org.codehaus.plexus.compiler.javac.JavacCompiler.performCompile(JavacCompiler.java:183)
    at org.apache.maven.plugin.compiler.AbstractCompilerMojo.execute(AbstractCompilerMojo.java:1140)
    at org.apache.maven.plugin.compiler.CompilerMojo.execute(CompilerMojo.java:193)
    at org.apache.maven.plugin.DefaultBuildPluginManager.executeMojo(DefaultBuildPluginManager.java:153)
    at org.apache.maven.lifecycle.internal.MojoExecutor.doExecute2(MojoExecutor.java:339)
    at org.apache.maven.lifecycle.internal.MojoExecutor.doExecute(MojoExecutor.java:310)
    at org.apache.maven.lifecycle.internal.MojoExecutor.execute(MojoExecutor.java:214)
    at org.apache.maven.lifecycle.internal.MojoExecutor.execute(MojoExecutor.java:179)
    at org.apache.maven.lifecycle.internal.MojoExecutor$1.run(MojoExecutor.java:168)
    at org.apache.maven.plugin.DefaultMojosExecutionStrategy.execute(DefaultMojosExecutionStrategy.java:39)
    at org.apache.maven.lifecycle.internal.MojoExecutor.execute(MojoExecutor.java:165)
    at org.apache.maven.lifecycle.internal.LifecycleModuleBuilder.buildProject(LifecycleModuleBuilder.java:110)
    at org.apache.maven.lifecycle.internal.LifecycleModuleBuilder.buildProject(LifecycleModuleBuilder.java:76)
    at org.apache.maven.lifecycle.internal.builder.singlethreaded.SingleThreadedBuilder.build(SingleThreadedBuilder.java:61)
    at org.apache.maven.lifecycle.internal.DefaultLifecycleStarter.execute(DefaultLifecycleStarter.java:123)
    at org.apache.maven.DefaultMaven.doExecute(DefaultMaven.java:310)
    at org.apache.maven.DefaultMaven.doExecute(DefaultMaven.java:225)
    at org.apache.maven.DefaultMaven.execute(DefaultMaven.java:149)
    at org.apache.maven.cling.invoker.mvn.MavenInvoker.doExecute(MavenInvoker.java:452)
    at org.apache.maven.cling.invoker.mvn.MavenInvoker.execute(MavenInvoker.java:97)
    at org.apache.maven.cling.invoker.mvn.MavenInvoker.execute(MavenInvoker.java:81)
    at org.apache.maven.cling.invoker.LookupInvoker.doInvoke(LookupInvoker.java:165)
    at org.apache.maven.cling.invoker.LookupInvoker.invoke(LookupInvoker.java:134)
    at org.apache.maven.cling.ClingSupport.run(ClingSupport.java:76)
    at org.apache.maven.cling.MavenCling.main(MavenCling.java:51)
    at jdk.internal.reflect.DirectMethodHandleAccessor.invoke(DirectMethodHandleAccessor.java:104)
    at java.lang.reflect.Method.invoke(Method.java:565)
    at org.codehaus.plexus.classworlds.launcher.Launcher.launchEnhanced(Launcher.java:255)
    at org.codehaus.plexus.classworlds.launcher.Launcher.launch(Launcher.java:201)
    at org.codehaus.plexus.classworlds.launcher.Launcher.mainWithExitCode(Launcher.java:361)
    at org.codehaus.plexus.classworlds.launcher.Launcher.main(Launcher.java:314)
Caused by: java.lang.NoSuchFieldException: com.sun.tools.javac.code.TypeTag :: UNKNOWN
    at lombok.permit.Permit.getField(Permit.java:144)
    at lombok.javac.JavacTreeMaker$SchroedingerType.getFieldCached(JavacTreeMaker.java:171)
    at lombok.javac.JavacTreeMaker$TypeTag.typeTag(JavacTreeMaker.java:259)
    at lombok.javac.Javac.<clinit>(Javac.java:186)
    at lombok.javac.apt.LombokProcessor.placePostCompileAndDontMakeForceRoundDummiesHook(LombokProcessor.java:174)
    at lombok.javac.apt.LombokProcessor.init(LombokProcessor.java:96)
    at lombok.core.AnnotationProcessor$JavacDescriptor.want(AnnotationProcessor.java:160)
    at lombok.core.AnnotationProcessor.init(AnnotationProcessor.java:213)
    at lombok.launch.AnnotationProcessorHider$AnnotationProcessor.init(AnnotationProcessor.java:64)
    at com.sun.tools.javac.processing.JavacProcessingEnvironment$ProcessorState.<init>(JavacProcessingEnvironment.java:635)
    at com.sun.tools.javac.processing.JavacProcessingEnvironment$DiscoveredProcessors$ProcessorStateIterator.next(JavacProcessingEnvironment.java:761)
    at com.sun.tools.javac.processing.JavacProcessingEnvironment.discoverAndRunProcs(JavacProcessingEnvironment.java:857)
    at com.sun.tools.javac.processing.JavacProcessingEnvironment$Round.run(JavacProcessingEnvironment.java:1188)
    at com.sun.tools.javac.processing.JavacProcessingEnvironment.doProcessing(JavacProcessingEnvironment.java:1301)
    at com.sun.tools.javac.main.JavaCompiler.processAnnotations(JavaCompiler.java:1262)
    at com.sun.tools.javac.main.JavaCompiler.compile(JavaCompiler.java:938)
    at com.sun.tools.javac.api.JavacTaskImpl.lambda$doCall$0(JavacTaskImpl.java:104)
    at com.sun.tools.javac.api.JavacTaskImpl.invocationHelper(JavacTaskImpl.java:152)
    at com.sun.tools.javac.api.JavacTaskImpl.doCall(JavacTaskImpl.java:100)
    at com.sun.tools.javac.api.JavacTaskImpl.call(JavacTaskImpl.java:94)
    at org.codehaus.plexus.compiler.javac.JavaxToolsCompiler.compileInProcess(JavaxToolsCompiler.java:136)
    at org.codehaus.plexus.compiler.javac.JavacCompiler.performCompile(JavacCompiler.java:183)
    at org.apache.maven.plugin.compiler.AbstractCompilerMojo.execute(AbstractCompilerMojo.java:1140)
    at org.apache.maven.plugin.compiler.CompilerMojo.execute(CompilerMojo.java:193)
    at org.apache.maven.plugin.DefaultBuildPluginManager.executeMojo(DefaultBuildPluginManager.java:153)
    at org.apache.maven.lifecycle.internal.MojoExecutor.doExecute2(MojoExecutor.java:339)
    at org.apache.maven.lifecycle.internal.MojoExecutor.doExecute(MojoExecutor.java:310)
    at org.apache.maven.lifecycle.internal.MojoExecutor.execute(MojoExecutor.java:214)
    at org.apache.maven.lifecycle.internal.MojoExecutor.execute(MojoExecutor.java:179)
    at org.apache.maven.lifecycle.internal.MojoExecutor$1.run(MojoExecutor.java:168)
    at org.apache.maven.plugin.DefaultMojosExecutionStrategy.execute(DefaultMojosExecutionStrategy.java:39)
    at org.apache.maven.lifecycle.internal.MojoExecutor.execute(MojoExecutor.java:165)
    at org.apache.maven.lifecycle.internal.LifecycleModuleBuilder.buildProject(LifecycleModuleBuilder.java:110)
    at org.apache.maven.lifecycle.internal.LifecycleModuleBuilder.buildProject(LifecycleModuleBuilder.java:76)
    at org.apache.maven.lifecycle.internal.builder.singlethreaded.SingleThreadedBuilder.build(SingleThreadedBuilder.java:61)
    at org.apache.maven.lifecycle.internal.DefaultLifecycleStarter.execute(DefaultLifecycleStarter.java:123)
    at org.apache.maven.DefaultMaven.doExecute(DefaultMaven.java:310)
    at org.apache.maven.DefaultMaven.doExecute(DefaultMaven.java:225)
    at org.apache.maven.DefaultMaven.execute(DefaultMaven.java:149)
    at org.apache.maven.cling.invoker.mvn.MavenInvoker.doExecute(MavenInvoker.java:452)
    at org.apache.maven.cling.invoker.mvn.MavenInvoker.execute(MavenInvoker.java:97)
    at org.apache.maven.cling.invoker.mvn.MavenInvoker.execute(MavenInvoker.java:81)
    at org.apache.maven.cling.invoker.LookupInvoker.doInvoke(LookupInvoker.java:165)
    at org.apache.maven.cling.invoker.LookupInvoker.invoke(LookupInvoker.java:134)
    at org.apache.maven.cling.ClingSupport.run(ClingSupport.java:76)
    at org.apache.maven.cling.MavenCling.main(MavenCling.java:51)
    at jdk.internal.reflect.DirectMethodHandleAccessor.invoke(DirectMethodHandleAccessor.java:104)
    at java.lang.reflect.Method.invoke(Method.java:565)
    at org.codehaus.plexus.classworlds.launcher.Launcher.launchEnhanced(Launcher.java:255)
    at org.codehaus.plexus.classworlds.launcher.Launcher.launch(Launcher.java:201)
    at org.codehaus.plexus.classworlds.launcher.Launcher.mainWithExitCode(Launcher.java:361)
    at org.codehaus.plexus.classworlds.launcher.Launcher.main(Launcher.java:314)
[ERROR] 
[ERROR] Re-run Maven using the '-X' switch to enable verbose output
[ERROR] 
[ERROR] For more information about the errors and possible solutions, please read the following articles:
[ERROR] [Help 1] http://cwiki.apache.org/confluence/display/MAVEN/MojoExecutionException
